[2025-05-07 15:34:51] Чат: boldiching | Причина: Другая ошибка
    Детали: You have successfully requested to join this chat or channel (caused by JoinChannelRequest)
[2025-05-07 15:34:55] Чат: bypanica | Причина: Другая ошибка
    Детали: The channel specified is private and you lack permission to access it. Another reason may be that you were banned from it (caused by JoinChannelRequest)
[2025-05-07 15:35:40] Чат: socionic_delta | Причина: FloodWait: ожидание 252 секунд
    Детали: A wait of 252 seconds is required (caused by JoinChannelRequest)
[2025-05-07 15:43:25] Чат: boldiching | Причина: Другая ошибка
    Детали: You have successfully requested to join this chat or channel (caused by JoinChannelRequest)
[2025-05-07 15:43:30] Чат: bypanica | Причина: Другая ошибка
    Детали: The channel specified is private and you lack permission to access it. Another reason may be that you were banned from it (caused by JoinChannelRequest)
[2025-05-07 15:43:59] Чат: people360_psy | Причина: Другая ошибка
    Детали: The channel specified is private and you lack permission to access it. Another reason may be that you were banned from it (caused by JoinChannelRequest)
[2025-05-07 15:44:14] Чат: StupenySoznaniya_Chat | Причина: Другая ошибка
    Детали: You have successfully requested to join this chat or channel (caused by JoinChannelRequest)
[2025-05-07 15:44:21] Чат: tulpamancy | Причина: FloodWait: ожидание 1231 секунд
    Детали: A wait of 1231 seconds is required (caused by JoinChannelRequest)
[2025-05-07 16:06:37] Чат: zhukova_soza | Причина: Другая ошибка
    Детали: You have successfully requested to join this chat or channel (caused by JoinChannelRequest)
[2025-05-07 16:07:15] Чат: boldiching | Причина: Другая ошибка
    Детали: You have successfully requested to join this chat or channel (caused by JoinChannelRequest)
[2025-05-07 16:07:52] Чат: bypanica | Причина: Другая ошибка
    Детали: The channel specified is private and you lack permission to access it. Another reason may be that you were banned from it (caused by JoinChannelRequest)
[2025-05-12 12:59:21] Чат: boldiching | Причина: Другая ошибка
    Детали: You have successfully requested to join this chat or channel (caused by JoinChannelRequest)
[2025-05-12 13:00:01] Чат: bypanica | Причина: Другая ошибка
    Детали: The channel specified is private and you lack permission to access it. Another reason may be that you were banned from it (caused by JoinChannelRequest)
[2025-05-12 13:03:51] Чат: AKZ_in_Russia | Причина: Другая ошибка
    Детали: You have successfully requested to join this chat or channel (caused by JoinChannelRequest)
[2025-05-12 13:04:30] Чат: BB_CLUB | Причина: Другая ошибка
    Детали: You have successfully requested to join this chat or channel (caused by JoinChannelRequest)
[2025-05-12 13:06:52] Чат: EtsyBizChat | Причина: Другая ошибка
    Детали: You have successfully requested to join this chat or channel (caused by JoinChannelRequest)
[2025-05-12 13:07:29] Чат: FREEPR2 | Причина: FloodWait: ожидание 122 секунд
    Детали: A wait of 122 seconds is required (caused by JoinChannelRequest)
[2025-05-12 13:10:06] Чат: Grainrussian | Причина: Другая ошибка
    Детали: You have successfully requested to join this chat or channel (caused by JoinChannelRequest)
[2025-05-12 13:11:09] Чат: LOOWORKchat | Причина: FloodWait: ожидание 1093 секунд
    Детали: A wait of 1093 seconds is required (caused by JoinChannelRequest)
[2025-05-12 13:31:46] Чат: Looking_for_a_loft | Причина: Другая ошибка
    Детали: You have successfully requested to join this chat or channel (caused by JoinChannelRequest)
[2025-05-12 13:34:07] Чат: Samosvali_Otvali_Nerudnie | Причина: FloodWait: ожидание 121 секунд
    Детали: A wait of 121 seconds is required (caused by JoinChannelRequest)
[2025-05-12 13:36:08] Чат: Samosvali_Otvali_Nerudnie | Причина: Другая ошибка
    Детали: You have successfully requested to join this chat or channel (caused by JoinChannelRequest)
[2025-05-12 13:37:23] Чат: Tbilisi_IT | Причина: Другая ошибка
    Детали: You have successfully requested to join this chat or channel (caused by JoinChannelRequest)
[2025-05-12 13:38:36] Чат: abletonprohelp | Причина: Другая ошибка
    Детали: You have successfully requested to join this chat or channel (caused by JoinChannelRequest)
[2025-05-12 13:39:08] Чат: accent_school | Причина: FloodWait: ожидание 1320 секунд
    Детали: A wait of 1320 seconds is required (caused by JoinChannelRequest)
[2025-05-12 14:01:39] Чат: agencycboss | Причина: Другая ошибка
    Детали: No user has "agencycboss" as username
[2025-05-14 11:34:35] Чат: AysSpokoisia | Причина: Другая ошибка
    Детали: No user has "aysspokoisia" as username
[2025-05-14 11:35:06] Чат: aktemaronline | Причина: Другая ошибка
    Детали: No user has "aktemaronline" as username
[2025-05-14 11:35:37] Чат: arnteh | Причина: Другая ошибка
    Детали: No user has "arnteh" as username
[2025-05-14 11:36:09] Чат: boldichking | Причина: Другая ошибка
    Детали: No user has "boldichking" as username
[2025-05-14 11:37:28] Чат: bvpanica | Причина: Другая ошибка
    Детали: No user has "bvpanica" as username
[2025-05-14 11:38:35] Чат: chat_compass | Причина: Другая ошибка
    Детали: You have successfully requested to join this chat or channel (caused by JoinChannelRequest)
[2025-05-14 11:39:08] Чат: eleenasargi | Причина: Другая ошибка
    Детали: No user has "eleenasargi" as username
[2025-05-14 11:39:38] Чат: father_officeschat | Причина: Другая ошибка
    Детали: No user has "father_officeschat" as username
[2025-05-14 11:42:41] Чат: misletopicshat | Причина: Другая ошибка
    Детали: No user has "misletopicshat" as username
[2025-05-14 11:43:16] Чат: AKZ_in_Russia | Причина: Другая ошибка
    Детали: You have successfully requested to join this chat or channel (caused by JoinChannelRequest)
[2025-05-14 11:48:16] Чат: Chat_MarketBot | Причина: FloodWait: ожидание 1114 секунд
    Детали: A wait of 1114 seconds is required (caused by JoinChannelRequest)
[2025-05-14 12:09:09] Чат: EtsyBizChat | Причина: Другая ошибка
    Детали: You have successfully requested to join this chat or channel (caused by JoinChannelRequest)
[2025-05-14 12:09:43] Чат: Grainrussian | Причина: Другая ошибка
    Детали: The channel specified is private and you lack permission to access it. Another reason may be that you were banned from it (caused by JoinChannelRequest)
[2025-05-14 12:12:30] Чат: informatonzas | Причина: Другая ошибка
    Детали: No user has "informatonzas" as username
[2025-05-14 12:17:42] Чат: PhoneRecordbot_development | Причина: FloodWait: ожидание 1149 секунд
    Детали: A wait of 1149 seconds is required (caused by JoinChannelRequest)
[2025-05-14 12:38:03] Чат: Samosvali_Otvali_Nerudnie | Причина: Другая ошибка
    Детали: You have successfully requested to join this chat or channel (caused by JoinChannelRequest)
[2025-05-14 12:39:12] Чат: Tbilisi_IT | Причина: Другая ошибка
    Детали: You have successfully requested to join this chat or channel (caused by JoinChannelRequest)
[2025-05-14 12:40:54] Чат: acceleratanie | Причина: Другая ошибка
    Детали: No user has "acceleratanie" as username
[2025-05-14 12:46:19] Чат: business24_tips | Причина: FloodWait: ожидание 1233 секунд
    Детали: A wait of 1233 seconds is required (caused by JoinChannelRequest)
[2025-05-14 16:32:26] Чат: AysSpokoisia | Причина: Другая ошибка
    Детали: No user has "aysspokoisia" as username
[2025-05-14 16:35:25] Чат: hr_only | Причина: Другая ошибка
    Детали: The channel specified is private and you lack permission to access it. Another reason may be that you were banned from it (caused by JoinChannelRequest)
[2025-05-14 16:35:55] Чат: HRlead | Причина: Другая ошибка
    Детали: You have successfully requested to join this chat or channel (caused by JoinChannelRequest)
[2025-05-14 16:37:36] Чат: businessclass_rbc | Причина: FloodWait: ожидание 65 секунд
    Детали: A wait of 65 seconds is required (caused by JoinChannelRequest)
[2025-05-17 12:00:37] Чат: znakomoelitso13 | Причина: FloodWait: ожидание 6826 секунд
    Детали: A wait of 6826 seconds is required (caused by ResolveUsernameRequest)
[2025-05-19 13:17:36] Чат: znakomoelitso13 | Причина: Другая ошибка
    Детали: You have successfully requested to join this chat or channel (caused by JoinChannelRequest)
[2025-05-19 13:18:10] Чат: znakomoelitso13 | Причина: Другая ошибка
    Детали: You have successfully requested to join this chat or channel (caused by JoinChannelRequest)
[2025-05-19 13:20:32] Чат: youtubelinguamarina | Причина: FloodWait: ожидание 125 секунд
    Детали: A wait of 125 seconds is required (caused by JoinChannelRequest)
[2025-05-19 13:21:18] Чат: youtubelinguamarina | Причина: FloodWait: ожидание 79 секунд
    Детали: A wait of 79 seconds is required (caused by JoinChannelRequest)
[2025-05-19 13:22:39] Чат: yandex_gruzovoi | Причина: Другая ошибка
    Детали: You have successfully requested to join this chat or channel (caused by JoinChannelRequest)
[2025-05-19 13:25:32] Чат: workforfree | Причина: FloodWait: ожидание 91 секунд
    Детали: A wait of 91 seconds is required (caused by JoinChannelRequest)
[2025-05-19 13:28:35] Чат: vsempodryad | Причина: FloodWait: ожидание 397 секунд
    Детали: A wait of 397 seconds is required (caused by JoinChannelRequest)
[2025-05-19 13:28:43] Чат: znakomoelitso13 | Причина: FloodWait: ожидание 389 секунд
    Детали: A wait of 389 seconds is required (caused by JoinChannelRequest)
[2025-05-19 13:29:12] Чат: vsempodryad | Причина: FloodWait: ожидание 360 секунд
    Детали: A wait of 360 seconds is required (caused by JoinChannelRequest)
[2025-05-19 13:29:38] Чат: znakomoelitso13 | Причина: FloodWait: ожидание 334 секунд
    Детали: A wait of 334 seconds is required (caused by JoinChannelRequest)
[2025-05-19 13:32:03] Чат: vakansii_03 | Причина: FloodWait: ожидание 465 секунд
    Детали: A wait of 465 seconds is required (caused by JoinChannelRequest)
[2025-05-19 13:35:31] Чат: znakomoelitso13 | Причина: FloodWait: ожидание 257 секунд
    Детали: A wait of 257 seconds is required (caused by JoinChannelRequest)
[2025-05-19 13:36:21] Чат: znakomoelitso13 | Причина: Другая ошибка
    Детали: You have successfully requested to join this chat or channel (caused by JoinChannelRequest)
[2025-05-19 13:36:52] Чат: znakomoelitso13 | Причина: Другая ошибка
    Детали: You have successfully requested to join this chat or channel (caused by JoinChannelRequest)
[2025-05-19 13:37:29] Чат: yandex_gruzovoi | Причина: Другая ошибка
    Детали: You have successfully requested to join this chat or channel (caused by JoinChannelRequest)
[2025-05-19 13:39:49] Чат: workforfree | Причина: FloodWait: ожидание 93 секунд
    Детали: A wait of 93 seconds is required (caused by JoinChannelRequest)
[2025-05-19 13:46:47] Чат: uxui_jobs | Причина: FloodWait: ожидание 62 секунд
    Детали: A wait of 62 seconds is required (caused by JoinChannelRequest)
[2025-05-19 13:47:25] Чат: uxui_jobs | Причина: FloodWait: ожидание 1137 секунд
    Детали: A wait of 1137 seconds is required (caused by JoinChannelRequest)
[2025-05-19 13:48:25] Чат: uxui_jobs | Причина: FloodWait: ожидание 1077 секунд
    Детали: A wait of 1077 seconds is required (caused by JoinChannelRequest)
[2025-05-19 13:48:48] Чат: Uzbekmahalla_N1 | Причина: FloodWait: ожидание 1054 секунд
    Детали: A wait of 1054 seconds is required (caused by JoinChannelRequest)
[2025-05-19 13:49:39] Чат: uxui_jobs | Причина: FloodWait: ожидание 1003 секунд
    Детали: A wait of 1003 seconds is required (caused by JoinChannelRequest)
[2025-05-19 13:53:00] Чат: trudygaspb | Причина: FloodWait: ожидание 1189 секунд
    Детали: A wait of 1189 seconds is required (caused by JoinChannelRequest)
[2025-05-19 13:55:45] Чат: uxui_jobs | Причина: FloodWait: ожидание 1024 секунд
    Детали: A wait of 1024 seconds is required (caused by JoinChannelRequest)
[2025-05-19 14:02:35] Чат: znakomoelitso13 | Причина: FloodWait: ожидание 227 секунд
    Детали: A wait of 227 seconds is required (caused by JoinChannelRequest)
[2025-05-19 14:03:27] Чат: znakomoelitso13 | Причина: FloodWait: ожидание 175 секунд
    Детали: A wait of 175 seconds is required (caused by JoinChannelRequest)
[2025-05-19 14:04:27] Чат: znakomoelitso13 | Причина: FloodWait: ожидание 502 секунд
    Детали: A wait of 502 seconds is required (caused by JoinChannelRequest)
[2025-05-19 14:08:32] Чат: znakomoelitso13 | Причина: Другая ошибка
    Детали: You have successfully requested to join this chat or channel (caused by JoinChannelRequest)
[2025-05-19 14:08:59] Чат: universus_job | Причина: Другая ошибка
    Детали: Could not find a matching Constructor ID for the TLObject that was supposed to be read with ID 7482147e. See the FAQ for more details. Remaining bytes: b'~\x14\x82tD!D\x00\x0c\x00\x00\x00\xf0\xda\xd8W\x00\x00\x00\x00\x10\xce)\xb1<\xefb\x9d-UNIVERSUS (\xd0\xb8\xd0\xbd\xd1\x82\xd0\xb5\xd1\x80\xd0\xbd\xd0\xb5\xd1\x82-\xd0\xb2\xd0\xb0\xd0\xba\xd0\xb0\xd0\xbd\xd1\x81\xd0\xb8\xd0\xb8)\x00\x00\runiversus_job\x00\x00\x11\x1cn\x1c\x02\x00\x00\x00\xab\xaf1\x1b\x8dP\xa9J\x12\x01\x08\x08\xd1\x91\x182\x90X\xb9n\xbd\x80\xa2\x8a)\xdcG\x00\x02\x00\x00\x00\xf2\xf2\xd4^\x18\x04\x12\x9f\xfe\x05\xfa\x03\xff\xff\xff\x7f\x15\xc4\xb5\x1c\x00\x00\x00\x00\xa8F\xf9o\x06\xf0\x85\xf1\xe7d_\xea\x9e\xfd)\xff'
[2025-05-19 14:09:12] Чат: znakomoelitso13 | Причина: Другая ошибка
    Детали: You have successfully requested to join this chat or channel (caused by JoinChannelRequest)
[2025-05-19 14:09:49] Чат: yandex_gruzovoi | Причина: Другая ошибка
    Детали: You have successfully requested to join this chat or channel (caused by JoinChannelRequest)
[2025-05-19 14:10:17] Чат: znakomoelitso13 | Причина: Другая ошибка
    Детали: You have successfully requested to join this chat or channel (caused by JoinChannelRequest)
[2025-05-19 14:10:37] Чат: trudygaspb | Причина: Другая ошибка
    Детали: Could not find a matching Constructor ID for the TLObject that was supposed to be read with ID 7482147e. See the FAQ for more details. Remaining bytes: b'~\x14\x82tD!T0\x0c\x00\x00\x00;R\xe9T\x00\x00\x00\x00/\x1ay\x8d1\xe8\xe9\xb6\x17\xd0\xa2\xd0\xa0\xd0\xa3\xd0\x94\xd0\xaf\xd0\x93\xd0\x90 / \xd0\xa1\xd0\x9f\xd0\x91\ntrudygaspb\x00\x11\x1cn\x1c\x02\x00\x00\x00\xa1\xb21\x1b\xdd\x9cYK\x11\x01\x08\x08\xb7\xfb\xf3s\xd8(\xfc\xc9\xa2\x8a)$[g\x00\x00\x02\x00\x00\x005\xb0\xdc^\x18\x04\x12\x9f\xfc\x85\xfe\x01\xff\xff\xff\x7f\x15\xc4\xb5\x1c\x00\x00\x00\x00\x95\xf2\x92L\xad\xf3\x8a(\xdb\xb66g'
[2025-05-19 14:10:37] Чат: Wowworkschat | Причина: Другая ошибка
    Детали: database is locked
[2025-05-19 14:10:51] Чат: znakomoelitso13 | Причина: FloodWait: ожидание 102 секунд
    Детали: A wait of 102 seconds is required (caused by JoinChannelRequest)
[2025-05-19 14:12:15] Чат: top_manager_HR | Причина: Другая ошибка
    Детали: Could not find a matching Constructor ID for the TLObject that was supposed to be read with ID 7482147e. See the FAQ for more details. Remaining bytes: b'~\x14\x82tD!\x04 \x0c\x00\x00\x00\x9a\xa5)P\x00\x00\x00\x00\x01\x0e\x86,\xf2\xad\xfb\xeaN\xd0\x92\xd0\xb0\xd0\xba\xd0\xb0\xd0\xbd\xd1\x81\xd0\xb8\xd0\xb8 \xd0\xb8 \xd0\x9a\xd0\xb0\xd0\xbd\xd0\xb4\xd0\xb8\xd0\xb4\xd0\xb0\xd1\x82\xd1\x8b. \xd0\xa2\xd0\xbe\xd0\xbb\xd1\x8c\xd0\xba\xd0\xbe \xd0\xa2\xd0\x9e\xd0\x9f-\xd0\xbc\xd0\xb5\xd0\xbd\xd0\xb5\xd0\xb4\xd0\xb6\xd0\xb5\xd1\x80\xd1\x8b\x00\x0etop_manager_HR\x00\x11\x1cn\x1c\x02\x00\x00\x00\x11\xf11\x1bNZ\xd8H\x13\x01\x08\x08\xaf"\x9f-Q\x030\xfc(\xa2\x8a\xc5\xc8\xe8\xe4G\x02\x00\x00\x00\xf0\xb4\x03]\x18\x04\x12\x9f\x00\x84\x02\x00\xff\xff\xff\x7f\x15\xc4\xb5\x1c\x00\x00\x00\x00\xf2\x0c\x19\xea\xb7\n\xe0@\xb8\xfai\xfc\xc6\xb1\xc4\xa4'
[2025-05-19 14:14:04] Чат: tildaformschat | Причина: Другая ошибка
    Детали: Could not find a matching Constructor ID for the TLObject that was supposed to be read with ID 7482147e. See the FAQ for more details. Remaining bytes: b"~\x14\x82tD!D`\x0c\x00\x00\x00E\xd8\x04J\x00\x00\x00\x00P\xc8\x9dN\xc6\xc8\xb45\x0f\xd0\xa7\xd0\xb0\xd1\x82 \xd0\xbe Tilda\x0etildaformschat\x00\x11\x1cn\x1c\x02\x00\x00\x00\x08\xc61\x1bt\xf68K\x12\x01\x08\x08\xcb\xd8\xbfe\xdc\x1d7n\xe5y\xddE\x14P\x07\x00\x02\x00\x00\x00\x0c'\xd8]\x18\x04\x12\x9f\x00\x05\x06\x00\xff\xff\xff\x7f\x15\xc4\xb5\x1c\x00\x00\x00\x00\xa1\xc0|G\xa8CYmp{\x92\xe0\xd6\xd2\xdf^"
[2025-05-19 14:15:57] Чат: tgwork | Причина: Другая ошибка
    Детали: Could not find a matching Constructor ID for the TLObject that was supposed to be read with ID 7482147e. See the FAQ for more details. Remaining bytes: b'~\x14\x82tD#\x14\x00\x0c\x00\x00\x00\xa05\x8eA\x00\x00\x00\x00\xd8\xa5\x99\x8b\xb4\x98\x9c\xb1\x18\xd0\xa0\xd0\xb0\xd0\xb1\xd0\xbe\xd1\x82\xd0\xb0 \xd0\xb2 Telegram\x00\x00\x00\x06tgwork\x00\x11\x1cn\x1c\x02\x00\x00\x00\x94\xa91\x1b\xa2q\xa1U\x0e\x01\x08\x08\xb7\xb9q\xdf4QEr\x1d6?\x00\x05\x00\x00\x00\x8c\xd8JX\x15\xc4\xb5\x1c\x02\x00\x00\x00\xb4\xacr\xd0\x03ios\tcopyright\x00\x008This group is unavailable due to copyright infringement.\x00\x00\x00\xb4\xacr\xd0\x07android\tcopyright\x00\x008This group is unavailable due to copyright infringement.\x00\x00\x00\x18\x04\x12\x9f\xfc\x85\xfa\x01\xff\xff\xff\x7f\x15\xc4\xb5\x1c\x00\x00\x00\x00'
[2025-05-19 14:54:16] Чат: tfpmosclub | Причина: Другая ошибка
    Детали: Could not find a matching Constructor ID for the TLObject that was supposed to be read with ID 7482147e. See the FAQ for more details. Remaining bytes: b'~\x14\x82tD!D\x00\x0c\x00\x00\x00\x83\xf1s^\x00\x00\x00\x00\n\xee\xe6\xd0\x81\xd5\x9c\x95\x07TFP msk\ntfpmosclub\x00\x11\x1cn\x1c\x02\x00\x00\x00M\xba1\x1b\x89\xf4\xe0J\r\x01\x08\x08\xa3\x94\xf2\xfa|\xd4QE ?\x00\x00\x02\x00\x00\x00\x8b\x14Zb\x18\x04\x12\x9f\xf8\x05\xe6\x01\xff\xff\xff\x7f\x15\xc4\xb5\x1c\x00\x00\x00\x00\xfa\xa7.L*\x83jn\xe2\xf1\x92\xb0\xe3\x8a\x8f\xcc'
[2025-05-19 14:56:16] Чат: tfp_moscow_castings | Причина: Другая ошибка
    Детали: Could not find a matching Constructor ID for the TLObject that was supposed to be read with ID 7482147e. See the FAQ for more details. Remaining bytes: b'~\x14\x82tD!D@\x0c\x00\x00\x00\xae\xb9\x94U\x00\x00\x00\x00]\x86(\xa9\xf8s\x93\x8c\xc2TFP | \xd0\x9c\xd0\xbe\xd1\x81\xd0\xba\xd0\xb2\xd0\xb0, \xd0\xa1\xd0\x9f\xd0\xb1, \xd0\xa1\xd0\xbe\xd1\x87\xd0\xb8 | \xd0\x98\xd1\x89\xd1\x83 \xd0\xbc\xd0\xbe\xd0\xb4\xd0\xb5\xd0\xbb\xd1\x8c | \xd0\x9a\xd0\xb0\xd1\x81\xd1\x82\xd0\xb8\xd0\xbd\xd0\xb3\xd0\xb8 Moscow spb Sochi | \xd0\xa2\xd0\xa4\xd0\x9f \xd0\x9f\xd0\xb8\xd1\x82\xd0\xb5\xd1\x80 | \xd0\xa1\xd0\xb1\xd0\xbe\xd1\x80\xd0\xbd\xd1\x8b\xd0\xb5 \xd1\x81\xd1\x8a\xd0\xb5\xd0\xbc\xd0\xba\xd0\xb8 | \xd0\xa4\xd0\xbe\xd1\x82\xd0\xbe\xd0\xb3\xd1\x80\xd0\xb0\xd1\x84\xd1\x8b | \xd0\x9c\xd0\xb0\xd1\x80\xd0\xba\xd0\xb5\xd1\x82\xd0\xbf\xd0\xbb\xd0\xb5\xd0\xb9\xd1\x81\xd0\xbe\xd0\xb2\x00\x13tfp_moscow_castings\x11\x1cn\x1c\x02\x00\x00\x00\x9b\xc61\x1b\x96" J\x12\x01\x08\x08\xcf\x06\x1d\x9c\xaf\xcd\x8e\xd9\xeb\xfesE\x14P\x07\x00\x02\x00\x00\x00~i?\\\x18\x04\x12\x9f\xf8\x05\xe6\x01\xff\xff\xff\x7f\x15\xc4\xb5\x1c\x00\x00\x00\x00'
[2025-05-19 14:58:44] Чат: teberabotu | Причина: Другая ошибка
    Детали: Could not find a matching Constructor ID for the TLObject that was supposed to be read with ID 7482147e. See the FAQ for more details. Remaining bytes: b'~\x14\x82tD!\x04\x00\x0c\x00\x00\x00b\xc3l`\x00\x00\x00\x00(\xebzO\xee\xc6\xca\x8dJ\xd0\xa0\xd0\xb0\xd0\xb1\xd0\xbe\xd1\x82\xd0\xb0 \xd0\x9a\xd1\x80\xd0\xb0\xd1\x81\xd0\xbd\xd0\xbe\xd1\x8f\xd1\x80\xd1\x81\xd0\xba \xd0\x92\xd0\xb0\xd0\xba\xd0\xb0\xd0\xbd\xd1\x81\xd0\xb8\xd0\xb8 - \xd0\xa2\xd0\xb5\xd0\xb1\xd0\xb5 \xd0\xa0\xd0\xb0\xd0\xb1\xd0\xbe\xd1\x82\xd1\x83\x00\nteberabotu\x00\x11\x1cn\x1c\x02\x00\x00\x00\xf3\xb71\x1b\xde\xdfIH\x0e\x01\x08\x08\x8b\x8ct\xe6\x8a(\xaec\xd3Z\x1f\x00\x02\x00\x00\x00z\x0b\xf1a\x18\x04\x12\x9f\xfe\x05\xfe\x03\xff\xff\xff\x7f\x15\xc4\xb5\x1c\x00\x00\x00\x00\xaey\xdcN\xb3}\xc3w\xc7u\xb7R'
[2025-05-19 15:00:53] Чат: tatarstanrabota | Причина: Другая ошибка
    Детали: Cannot send requests while disconnected
[2025-05-19 15:03:19] Чат: znakomoelitso13 | Причина: Другая ошибка
    Детали: You have successfully requested to join this chat or channel (caused by JoinChannelRequest)
[2025-05-19 15:03:54] Чат: znakomoelitso13 | Причина: Другая ошибка
    Детали: You have successfully requested to join this chat or channel (caused by JoinChannelRequest)
[2025-05-19 15:04:37] Чат: yandex_gruzovoi | Причина: Другая ошибка
    Детали: You have successfully requested to join this chat or channel (caused by JoinChannelRequest)
[2025-05-19 15:12:14] Чат: trudygaspb | Причина: Другая ошибка
    Детали: You have successfully requested to join this chat or channel (caused by JoinChannelRequest)
[2025-05-19 15:13:32] Чат: top_manager_HR | Причина: Другая ошибка
    Детали: You have successfully requested to join this chat or channel (caused by JoinChannelRequest)
[2025-05-19 15:14:55] Чат: tildaformschat | Причина: Другая ошибка
    Детали: You have successfully requested to join this chat or channel (caused by JoinChannelRequest)
[2025-05-19 15:17:54] Чат: tfpmosclub | Причина: FloodWait: ожидание 926 секунд
    Детали: A wait of 926 seconds is required (caused by JoinChannelRequest)
[2025-05-19 15:18:46] Чат: tfpmosclub | Причина: FloodWait: ожидание 874 секунд
    Детали: A wait of 874 seconds is required (caused by JoinChannelRequest)
[2025-05-19 15:24:29] Чат: tatarstanrabota | Причина: Другая ошибка
    Детали: You have successfully requested to join this chat or channel (caused by JoinChannelRequest)
[2025-05-19 15:30:55] Чат: ssilki_Es | Причина: Другая ошибка
    Детали: You have successfully requested to join this chat or channel (caused by JoinChannelRequest)
[2025-05-19 15:37:16] Чат: sochi_job360 | Причина: Другая ошибка
    Детали: No user has "sochi_job360" as username
[2025-05-19 15:42:04] Чат: smm_telegram_chat | Причина: FloodWait: ожидание 447 секунд
    Детали: A wait of 447 seconds is required (caused by JoinChannelRequest)
[2025-05-19 15:50:32] Чат: saba_hunter | Причина: Другая ошибка
    Детали: You have successfully requested to join this chat or channel (caused by JoinChannelRequest)
[2025-05-19 16:02:52] Чат: RopeAccessSPB | Причина: Другая ошибка
    Детали: You have successfully requested to join this chat or channel (caused by JoinChannelRequest)
[2025-05-19 16:05:54] Чат: Robata777 | Причина: Другая ошибка
    Детали: You have successfully requested to join this chat or channel (caused by JoinChannelRequest)
[2025-05-19 16:46:53] Чат: rabota_uralsk_chat | Причина: Другая ошибка
    Детали: You have successfully requested to join this chat or channel (caused by JoinChannelRequest)
[2025-05-19 16:55:13] Чат: HRlead | Причина: Другая ошибка
    Детали: You have successfully requested to join this chat or channel (caused by JoinChannelRequest)
[2025-05-19 17:00:15] Чат: HRatWork | Причина: Другая ошибка
    Детали: You have successfully requested to join this chat or channel (caused by JoinChannelRequest)
[2025-05-19 17:58:59] Чат: znakomoelitso13 | Причина: Другая ошибка
    Детали: You have successfully requested to join this chat or channel (caused by JoinChannelRequest)
[2025-05-19 17:59:36] Чат: yandex_gruzovoi | Причина: Другая ошибка
    Детали: You have successfully requested to join this chat or channel (caused by JoinChannelRequest)
[2025-05-19 18:04:32] Чат: trudygaspb | Причина: Другая ошибка
    Детали: You have successfully requested to join this chat or channel (caused by JoinChannelRequest)
[2025-05-19 18:05:36] Чат: top_manager_HR | Причина: Другая ошибка
    Детали: You have successfully requested to join this chat or channel (caused by JoinChannelRequest)
[2025-05-19 18:06:51] Чат: tildaformschat | Причина: Другая ошибка
    Детали: You have successfully requested to join this chat or channel (caused by JoinChannelRequest)
[2025-05-19 18:08:55] Чат: tatarstanrabota | Причина: Другая ошибка
    Детали: You have successfully requested to join this chat or channel (caused by JoinChannelRequest)
[2025-05-19 18:10:20] Чат: ssilki_Es | Причина: Другая ошибка
    Детали: You have successfully requested to join this chat or channel (caused by JoinChannelRequest)
[2025-05-19 18:11:49] Чат: sochi_job360 | Причина: Другая ошибка
    Детали: No user has "sochi_job360" as username
[2025-05-19 18:14:21] Чат: saba_hunter | Причина: FloodWait: ожидание 879 секунд
    Детали: A wait of 879 seconds is required (caused by JoinChannelRequest)
[2025-05-19 18:30:08] Чат: saba_hunter | Причина: Другая ошибка
    Детали: You have successfully requested to join this chat or channel (caused by JoinChannelRequest)
[2025-05-19 18:31:39] Чат: RopeAccessSPB | Причина: Другая ошибка
    Детали: You have successfully requested to join this chat or channel (caused by JoinChannelRequest)
[2025-05-19 18:33:19] Чат: Robata777 | Причина: Другая ошибка
    Детали: You have successfully requested to join this chat or channel (caused by JoinChannelRequest)
[2025-05-19 18:39:41] Чат: rabota_uralsk_chat | Причина: Другая ошибка
    Детали: You have successfully requested to join this chat or channel (caused by JoinChannelRequest)
[2025-05-19 18:43:46] Чат: HRlead | Причина: Другая ошибка
    Детали: You have successfully requested to join this chat or channel (caused by JoinChannelRequest)
[2025-05-19 18:45:57] Чат: HRatWork | Причина: Другая ошибка
    Детали: You have successfully requested to join this chat or channel (caused by JoinChannelRequest)
[2025-05-19 18:51:24] Чат: allbusinessproNovosibirsk | Причина: FloodWait: ожидание 525 секунд
    Детали: A wait of 525 seconds is required (caused by JoinChannelRequest)
[2025-05-19 19:15:36] Чат: umbrellanetworking | Причина: Другая ошибка
    Детали: You have successfully requested to join this chat or channel (caused by JoinChannelRequest)
[2025-05-19 19:30:35] Чат: shkola_wildberries_terra | Причина: FloodWait: ожидание 87 секунд
    Детали: A wait of 87 seconds is required (caused by JoinChannelRequest)
[2025-05-19 20:10:34] Чат: photoindustry_spb | Причина: Другая ошибка
    Детали: You have successfully requested to join this chat or channel (caused by JoinChannelRequest)
